2078907912994547
2078872052210588
2078836458944565
2078801398202720
2078762589662671
2078723562989754
2078684888044139
2078643523149710
2078687814628876
2078647999853562
2078606357293672
2078654226100112
2078693769159412
2078735943563795
2078772729017367
2078808951030553
2078847052047912
2078883756180324
2078850847307281
2078811132199907
2078844406913054
2078878936799902
2078840269211664
2078876876775221
2078909037408173
2078876953346542
2078908423059502
2078873072750509
2078839941786347
2078800729846186
2078841211751621
2078801478676103
2078764114156475
2078722176304275
2078765656943764
2078729917537739
2078767794834518
2078806552116695
2078768921172409
2078805439260761
2078841375728596
2078883414159765
2078921043990296
2078949349269264
2078923926936990
2078958649070533
2078988526515633
2079017148612710
2078989959748359
2078961449442365
2078937292929262
2078899305330068
2078925737711060
2078956639580813
2078986722611345
2079012216780642
2078986797860542
2078956377184629
2078928671089241
2078960121574107
2078925462449263
2078958915409949
2078931068325107
2078902894125223
2078864859271537
2078828690906260
2078860867310585
2078828838480987
2078787495659376
2078828580031237
2078865968684645
2078898669640787
2078933945530514
2078964936248860
2078931025797897
2078897500103333
2078934226313693
2078966610642395
2078996393350442
2079025228584956
2079001290604111
2079033640058405
2079061769722545
2079036991069821
2079067056855400
2079093035501564
2079066312357864
2079085113843519
2079060748004115
2079088918067528
2079107783183491
2079083619733046
2079060360429946
2079082127697377
2079057887832285
2079029622237469
2079052398797013
2079023976344363
2079049257874549
2079076137683273
2079102271022684
2079080321558446
2079101129146789
2079077076824473
2079105509485355
2079124954408799
2079104254347336
2079122552297861
2079104618519281
2079125271432258
2079144326505737
2079128007270557
2079147766399856
2079129187707919
2079106914663903
2079131444717648
2079151204517579
2079173985436337
2079191143342890
2079205213829454
2079190711515899
2079174375482874
2079158325020561
2079175702949854
2079192551518912
2079211119443949
2079193395911651
2079172318769182
2079188264320168
2079200858360592
2079211790898426
2079198556484497
2079180963365620
2079200235474836
2079185085907906
2079167882406201
2079183873417687
2079195277139148
2079177424647971
2079165680665342
2079149319424949
2079170766531044
2079185421941876
2079165650661507
2079181555640393
2079200408155762
2079216763108562
2079227289785479
2079237634182644
2079229682905456
2079218204772376
2079200527680676
2079210468315461
2079196333773640
2079209234150484
2079224744803423
2079212905160414
2079223589029602
2079216156135602
2079226912328519
2079241063470227
2079247880990646
2079242272648551
2079234103075915
2079239702173214
2079227998084279
2079219042700462
2079206393832780
2079191537013412
2079208595505469
2079193347209523
2079214748358240
2079200682663114
2079217429558156
2079196352188105
2079178785537548
2079201241423427
2079185518351577
2079168502310833
2079147884234914
2079168524995449
2079147264852707
2079121975938862
2079097232155958
2079066563280975
2079033890735968
2079061620609910
2079033981070750
2079061322421130
2079086557059145
2079063434597589
2079035885839765
2079062751669329
2079086771743638
2079061112586840
2079090649396186
2079113992331040
2079087376286622
2079062139754755
2079089211322245
2079113926571195
2079088676881248
2079062529297497
2079034366399082
2079065433332639
2079091988448318
2079122148692390
2079097138263414
2079118825725750
2079141169903416
2079120205792615
2079091323566924
2079119452730168
2079140184277510
2079113488123354
2079137144193366
2079157910253700
2079176129423663
2079191096633385
2079168700271731
2079186991161322
2079171152387954
2079190265108637
2079210405423469
2079190265108637
2079169701599610
2079148448644282
2079168164229827
2079185577032755
2079201941999223
2079188657336198
2079167390688321
2079148253128219
2079132590988008
2079107715610497
2079131054287592
2079104576787678
2079132437804420
2079110923691266
2079086100686361
2079059845613583
2079029546783529
2079064667332030
2079090823546223
2079069634449555
2079101426695804
2079073848389294
2079052118236285
2079023311288373
2079060739878160
2079088142620603
2079106303962455
2079123953348476
2079145720644819
2079120911119828
2079099533337216
2079075525077929
2079047046893055
2079021190189729
2079048903307074
2079020342669134
2079058830811495
2079085937574222
2079059499454761
2079036280966186
2079006228899221
2079040136959765
2079007089506964
2079037875538309
2079007068904320
2078972837136418
2079001220827574
2078961335470742
2078991791139067
2079020820221312
2078990212223793
2078953037055249
2078917851169626
2078950547989205
2078983734615848
2079015871031717
2079039252766187
2079009274776555
2078979009679461
2078945636553248
2078978936672540
2078943120905650
2078975268858591
2078944996024768
2078908095780086
2078943024589670
2078908742519101
2078870405182150
2078834030999183
2078795728193824
2078744833895050
2078786590913018
2078826580804790
2078864834833629
2078902836520966
2078939069340860
2078967350030041
2078936787661868
2078971930936583
2078935734090004
2078967780504943
2078933612698395
2078962039036423
2078930108305107
2078964680983194
2078933363221078
2078898701018529
2078932384150210
2078896572612841
2078930991216851
2078965263201966
2078997386782738
2079028861512259
2079053083625637
2079075731781584
2079102467366988
2079130069482455
2079146987058863
2079172916868153
2079153718725233
2079136931581148
2079118884979420
2079098506865608
2079123298869165
2079143642232927
2079162559529886
2079143304730118
2079119287277193
2079096096347184
2079070493051242
2079043346884406
2079014821624735
2078983021851269
2078948153725055
2078983559037782
2079012925133871
2078979805540048
2079012050464326
2079040698917444
2079067986089080
2079090668409553
2079116083078799
2079138787577269
2079117329163375
2079140108277489
2079116510149363
2079146236150800
2079164589557177
2079140008986723
2079116248513991
2079137568607490
2079157676790944
2079138025685109
2079161995450159
2079139668198199
2079161614853176
2079181614868016
2079163814348978
2079143277111232
2079162707985587
2079140172172821
2079160682023846
2079138224854066
2079121191923565
2079097232396789
2079122451166387
2079098313547581
2079121032241764
2079142304931478
2079165659159838
2079181106684762
2079161373192735
2079139505833714
2079159437491758
2079140128896452
2079119191649580
2079140726266515
2079119780445346
2079142386275005
2079163939689526
2079182814412517
2079165359083307
2079146330137488
2079124772961067
2079149403163984
2079170636465428
2079150266332239
2079172418642354
2079150848269030
2079127658969547
2079102173716133
2079126775488268
2079151141440950
2079134312504210
2079109458905165
2079082120862432
2079053721225435
2079081359812489
2079105630794755
2079132230963966
2079111679071663
2079087329289186
2079057395918402
2079025121642558
2078987610767682
2078954806600462
2078919412681897
2078882300783987
2078837154361731
2078799307216948
2078839972459683
2078798654193891
2078840353299579
2078799502205501
2078849004415869
2078885265751055
2078919735243527
2078953647753751
2078921552777354
2078955705195903
2078921751723787
2078956911482066
2078921558153097
2078955618861392
2078991061014351
2079025386996287
2079054498423102
2079081398410192
2079102968216916
2079079137125201
2079051961828784
2079022461037076
2079049512470091
2079073238617635
2079037221601051
2079011635446682
2078979548084424
2079012992495325
2079040667875033
2079014489645877
2079047226234347
2079075426477645
2079049581815479
2079019658469766
2078987362217249
2079016628648526
2078981279194939
2079011029978680
2078982580496023
2079011008812105
2079041165035138
2079073550760976
2079101131840782
2079121024704943
2079098326216713
2079126463903472
2079149737705264
2079172750341832
2079152306054547
2079172255528484
2079153814140986
2079133716450191
2079109373657384
2079086358699128
2079057156041933
2079088861602329
2079056679049697
2079023266939535
2078990440706821
2079022311359084
2078991722052012
2078953980068514
2078985678556121
2079014004371444
2079043449411283
2079014662763818
2078985705012879
2078950564477906
2078915188836135
2078952398897959
2078920307719202
2078960296918947
2078996785792452
2078961090157105
2078925665355549
2078891210796770
2078931349085246
2078896993124139
2078936904665070
2078898741697308
2078857148751196
2078896845772295
2078940493325433
2078904166666912
2078862230242266
2078901387170060
2078859677333855
2078899265202540
2078863738329965
2078903031347496
2078865963157477
2078822319213337
2078781625908199
2078825395398593
2078866679826293
2078823902551252
2078781247947180
2078824240537244
2078782458768591
2078826896550076
2078782081381742
2078823674594579
2078868801170147
2078907836799358
2078870480799829
2078909371910276
2078869785062942
2078831329539391
2078790137502169
2078746395070039
2078790798098379
2078745899446122
2078699613947193
2078747628576229
2078698068492597
2078744968578445
2078794197755448
2078838293887080
2078794292334751
2078833336377324
2078791077897463
2078834940424762
2078783175273743
2078740905118775
2078787559065170
2078825274323779
2078865617322975
2078826647858004
2078784406459941
2078822750851938
2078780288848051
2078738655879125
2078784713748603
2078835461701831
2078873739391640
2078915758313734
2078952981359599
2078985626467821
2078950675084214
2078913255317701
2078878911756094
2078920136358879
2078879447340426
2078920022645055
2078956409708610
2078920096955287
2078881315653115
2078918528461587
2078876091276214
2078837355692901
2078796111213711
2078833856440727
2078792933401099
2078834783038392
2078872255369768
2078831769823116
2078873527151529
2078912941385031
2078874070024134
2078831980400847
2078787307636112
2078734517072323
2078694148513337
2078746898754671
2078701335606121
2078747876290080
2078701307319388
2078652547212557
2078695512585731
2078742694495114
2078699731815474
2078649776475924
2078696990441954
2078649372944432
2078699815993276
2078745946370815
2078699967337151
2078745279446062
2078788146303231
2078742912789709
2078786832529041
2078829491239720
2078787315566995
2078831699851534
2078792653327465
2078835684780849
2078786162565244
2078830614763925
2078874879221350
2078834709621717
2078876050112913
2078921440335639
2078953942183674
2078990944792095
2078955581778293
2078916221074966
2078953291271081
2078986541837176
2078946260820608
2078981764954606
2078943947948428
2078906644036483
2078865307098364
2078824466829980
2078865130753819
2078900437151447
2078859935859152
2078899702083782
2078854168272478
2078892214844232
2078928114648958
2078890435791102
2078927435681165
2078889542189712
2078846528366981
2078887885543785
2078849569016310
2078887867109802
2078927183366008
2078963543586645
2079000341469582
2078968907909699
2078930146701160
2078966963454574
2079004118335628
2079036467423778
2079004259885428
2078967197225057
2078937559829177
2078901286393404
2078939660510228
2078901784637754
2078946295740882
2078985881532833
2079019785062453
2079050441399593
2079016841936732
2078981160401297
2078945242796922
2078907830667818
2078862001440942
2078901309416312
2078943150727086
2078977779440895
2079019973097826
2078989196948355
2079022232123928
2078989118721852
2079021026894304
2079058382756293
2079019060809474
2079051451590121
2079081587627118
2079041939228019
2079073987479235
2079103471098852
2079075599399184
2079045455578445
2079076171904533
2079048056241105
2079012890471989
2078977867751948
2078934879670945
2078970825999159
2078928498641968
2078885006866224
2078923498191457
2078961442327448
2078998276260661
2079030063129511
2078995828701752
2078961715295132
2078993691610572
2078957260377240
2078992568013436
2078962716701798
2078995347005636
2078962281798343
2078997902217880
2078963199936550
2078999840220314
2078966660716168
2079002614302507
2079036636703591
2079003946404886
2078970013915072
2078933826063384
2078972551769543
2078938811271993
2078978075291026
2078944377878609
2078987169943464
2078951623379873
2078914098007269
2078951136922664
2078913816019654
2078870944015639
2078916858466805
2078958322959806
2078923598621761
2078892133661448
2078851428477092
2078893053579498
2078926278249638
2078885853975998
2078925721982939
2078958757485264
2079002008697802
2079028549541468
2079060038945952
2079022715420680
2079055510287826
2079079662583036
2079103024092616
2079074754131088
2079103749061004
2079129416457327
2079102297279279
2079129131245712
2079102015425444
2079079162331690
2079106340898068
2079080702638162
2079115209978362
2079084628743109
2079112633081641
2079139160841276
2079111596011196
2079078959443854
2079048831366323
2079017257002056
2079046723425411
2079073109769265
2079042364513908
2079071649612280
2079101327420768
2079130660148032
2079104730730294
2079076305334792
2079045449507435
2079011938507129
2079041501053713
2079071244673170
2079104356882804
2079072237494384
2079098155996161
2079068622782875
2079036573312568
2079003256580405
2078969561554407
2079005759454371
2078970069829638
2078929330767985
2078890591330699
2078850815689269
2078806979663126
2078763858454853
2078807205950819
2078762399955233
2078805763021403
2078849314596367
2078805990348761
2078850010978885
2078810426904088
2078768495017896
2078812661772277
2078856251909685
2078814453608733
2078857955471568
2078895808942460
2078853754921938
2078813413953046
2078771836943901
2078815166748839
2078855830509287
2078815655862007
2078772562631370
2078815932019142
2078772678649646
2078728720265832
2078681079349286
2078634085513673
2078584717512596
2078534573409401
2078586579186703
2078638736303701
2078593712022615
2078545713899653
2078599709984730
2078650425097595
2078698856156715
2078651800759443
2078702741582727
2078657930757917
2078607252217745
2078556311314409
2078607516092511
2078554246008636
2078604732676270
2078553295724351
2078499738268523
2078554508999000
2078604713471998
2078555411157555
2078498537893990
2078443037085005
2078498918419913
2078442716709021
2078386473849445
2078325949337480
2078267632785567
2078325263659763
2078258102310846
2078316169496980
2078257042093183
2078198513198968
2078259086102153
2078317377888380
2078374673431408
2078430268233264
2078372998093476
2078315607916526
2078370296295736
2078425838235749
2078483145438777
2078425160064630
2078481141143060
2078425057315221
2078367709498498
2078309237374042
2078367540912128
2078307247489478
2078244129155676
2078312692675761
2078248223624496
2078310293965235
2078372166228717
2078313722077151
2078255242240282
2078195798756991
2078258286093767
2078323108519700
2078265945106386
2078206108895784
2078272538327938
2078330301330773
2078390020363318
2078331373094011
2078386448406516
2078445280272106
2078498316707394
2078444738923851
2078496502031215
2078444565129181
2078495561910459
2078443509158102
2078384425815170
2078327477293428
2078385783756635
2078439848298859
2078496970384546
2078441528989490
2078493722672990
2078550125817835
2078499061500427
2078444471899326
2078499393516472
2078551605462405
2078499536517088
2078550696366545
2078603174234307
2078650275352884
2078700111068467
2078650478940206
2078698005481726
2078647644708391
2078696091746707
2078744770021675
2078790071483264
2078834561978203
2078789251524384
2078742386164364
2078786418565514
2078827742739921
2078786275318928
2078740364706191
2078693006246372
2078739475354521
2078782819958672
2078825073524396
2078784952082603
2078827977105527
2078866449751481
2078825195532717
2078785484424360
2078742454236295
2078790084920070
2078746641375487
2078789810657066
2078834690718249
2078795645630967
2078837060992238
2078795569904346
2078753391894701
2078706212721142
2078752375219551
2078804927098447
2078762460361377
2078808255607969
2078852882088789
2078806398994115
2078848099806246
2078805882210392
2078844798273303
2078800449024464
2078753351562133
2078795549954834
2078835499941617
2078794362483731
2078836683646484
2078790961750281
2078831374403878
2078869336120912
2078830398464160
2078784834159161
2078828708460253
2078869432092915
2078830693301408
2078871581665797
2078907864390399
2078865139271232
2078825888163622
2078864953149658
2078902580901354
2078862721295076
2078900212345902
2078861471596224
2078820543748496
2078779851937212
2078821053527084
2078859643586877
2078818367727918
2078857568616523
2078894223611996
2078930235155992
2078964188590727
2078928385273320
2078893277664902
2078931327617397
2078966657083810
2078934424955496
2078898905560243
2078933998369108
2078895383194629
2078856223934408
2078815326015683
2078855151580714
2078815306570573
2078774388944262
2078733235748766
2078777193231261
2078731105030062
2078685204225131
2078634352661184
2078584341151840
2078634263831431
2078586234482360
2078534330841351
2078479005446363
2078531525939267
2078583507752323
2078530530644759
2078580156125994
2078527992492753
2078473534792206
2078526633040986
2078574617458064
2078523393477899
2078469949166716
2078414676456756
2078355461839315
2078414918320146
2078358402013179
2078299026060672
2078238018637921
2078299103123994
2078361690121128
2078303540615706
2078241808239981
2078174715552776
2078239311187355
2078303048641894
2078359287959580
2078302271364262
2078244679686096
2078186423584796
2078251789063034
2078194082729743
2078254042885099
2078190648176910
2078127664952684
2078189676617299
2078126416639316
2078062289613925
2078128609809938
2078192020426339
2078130768208566
2078060847058538
2078122480395525
2078185076023816
2078245016785658
2078300578871541
2078238685776922
2078172382477025
2078112933541723
2078180568162756
2078240764713062
2078174547647483
2078111219496856
2078171525880306
2078109236768298
2078171979563861
2078234954858602
2078297239119235
2078236370107178
2078301362232002
2078243873234958
2078313240428288
2078372398898921
2078303984744897
2078360991352591
2078418963782862
2078364411020341
2078309117588806
2078248379746422
2078187337607967
2078122526761322
2078054327735526
2078117423208017
2078183251248616
2078246372756945
2078188650085017
2078128793882104
2078189372574689
2078253748872692
2078186934649931
2078120040544922
2078183212126265
2078249065684845
2078308278827979
2078369167785191
2078429404378570
2078489155056713
2078435098238292
2078489552453063
2078541702796620
2078589675600633
2078642125440760
2078696689344388
2078740507873344
2078785749618260
2078741369681675
2078692279222017
2078647754372815
2078601054930401
2078646702503203
2078690928936664
2078645103380057
2078593223703869
2078543957828384
2078490113648787
2078539434894057
2078593828168477
2078639928395392
2078586331248567
2078533290916874
2078480096298828
2078530516648135
2078468687416187
2078523382395744
2078469277545729
2078408981366257
2078461882804504
2078515377253602
2078461936245398
2078405734927490
2078460953208321
2078512852336200
2078562557465031
2078611624724405
2078558595218318
2078503069493936
2078556946469560
2078502055151394
2078449757269449
2078396040128661
2078449875148148
2078395053702138
2078450584929509
2078394497118958
2078340555086409
2078393924453620
2078452348404999
2078505659584150
2078559521505767
2078504090195211
2078559477702028
2078508610415470
2078455631912041
2078399768933216
2078454460985854
2078400394921915
2078336147752565
2078391328227291
2078335269676626
2078393967141025
2078457237468519
2078510464524130
2078559940142531
2078606885022992
2078548873774669
2078600695986372
2078552962407181
2078601116327372
2078549722325702
2078499162753734
2078450842992746
2078397498153549
2078452122123390
2078396192091425
2078452109644857
2078506786156307
2078453683082461
2078400054674310
2078456892308977
2078399003010675
2078454287458194
2078397865961654
2078340525830136
2078396006034200
2078452413090915
2078508303077268
2078557970945850
2078614887164577
2078567505479169
2078617232595175
2078565551419258
2078511149243112
2078453341907396
2078507442681948
2078453780735630
2078396271137744
2078339355256234
2078279974589048
2078219373085432
2078156016899133
2078221071362025
2078282464776935
2078340785537794
2078397769793813
2078456258857622
2078404358572348
2078459859269429
2078515509601310
2078567618402927
2078618211482702
2078666985264189
2078712608158997
2078664978284333
2078710008134483
2078656227508272
2078709932492994
2078755005235455
2078798101194069
2078755549994508
2078712196778854
2078756127054932
2078800476085234
2078756206180051
2078798474731375
2078840465097919
2078879590449015
2078839101472247
2078800041576634
2078841729767499
2078882639801084
2078921133909438
2078883796675489
2078921584676172
2078957206701190
2078991810977951
2079023577887112
2079052435729736
2079021896679884
2079052388658934
2079022697347532
2078990396124174
2078955953042918
2078919106163889
2078955124809858
2078916880514015
2078953497265591
2078990930598016
2078955476947615
2078921332161532
2078958096173224
2078920435333217
2078959581069825
2078992954324371
2078952059950943
2078918055905452
2078879697958116
2078847770999857
2078805884746199
2078839897039052
2078797860306247
2078756226769166
2078800074341920
2078755257922679
2078798222468590
2078839741496862
2078799025714168
2078755927034032
2078799578628525
2078835214859564
2078881469646395
2078919561841061
2078881835268804
2078844572391846
2078884392739995
2078846692394346
2078807111620195
2078763547851774
2078803897368027
2078844610691728
2078883675524280
2078846996093949
2078885199061149
2078922404696360
2078884606874005
2078846682279629
2078887669794406
2078925237744980
2078888750623369
2078850799023697
2078811311494234
2078852643291072
2078809483019283
2078771068639368
2078811454426718
2078852224388208
2078899792941058
2078862375254178
2078901612940571
2078938511491370
2078903488550540
2078862469649504
2078828002843600
2078786387737074
2078830457746908
2078873408221225
2078907358876809
2078869936802479
2078906492675871
2078868799382097
2078908927074210
2078941798947982
2078905335809811
2078937058711290
2078899809492754
2078936102584712
2078896935606764
2078849531729607
2078883895889779
2078920357466062
2078875825246680
2078835323930407
2078872095616534
2078829024801964
2078790605962879
2078747741748963
2078790390696485
2078831039955983
2078788650191311
2078823802535709
2078862484102453
2078821882564140
2078861986944858
2078825701944295
2078867028692238
2078903087101821
2078938077030076
2078902032160608
2078862412679997
2078826129242278
2078866609787864
2078829447127989
2078785879644273
2078821763221807
2078860231058621
2078819990283943
2078777209862093
2078734284511491
2078776008882703
2078820888962303
2078860799453963
2078821646921699
2078779271098758
2078736328975571
2078780795669994
2078823962552957
2078781595760077
2078819725704267
2078861902325804
2078820782359801
2078781133485872
2078823575423985
2078862710886267
2078822107072734
2078860229326582
2078896825161974
2078932170102586
2078895171468502
2078926861980987
2078892266907941
2078856458417641
2078894826345936
2078931723011602
2078963252823759
2078994993376891
2079023657384597
2079049583221068
2079077821314631
2079054544490832
2079030239707843
2079000115806424
2079027360242666
2078997757318183
2079030417330024
2079057959215175
2079030971057954
2078998868372994
2078967417124976
2078933538869392
2078970753156833
2078938055201094
2078970529340582
2079002717020160
2078971388903343
2079003830418247
2078972378974389
2078938296772020
2078968847810838
2078933755641491
2078900337235389
2078938273731473
2078974109261657
2079012158997832
2079040707645249
2079065855410119
2079037269180438
2079064857858235
2079038935745207
2079009456296827
2078976020934616
2079009259705223
2079041302142535
2079068559290817
2079041001884554
2079068654134064
2079040870558713
2079067385505715
2079095520354624
2079061306206807
2079034403992093
2079005406999068
2078973411942197
2079003515067443
2079033530489081
2079062023403958
2079088508547215
2079115201794555
2079089061509700
2079113434440185
2079088581667176
2079062779141958
2079034873628507
2079006296902674
2079035063832763
2079004104890028
2079031120615504
2079058959506995
2079031587260747
2079003794173097
2078974839956022
2079009732553655
2078976967807910
2078940899527341
2078973192848932
2078940805610708
2078902938133301
2078938022354419
2078901871545946
2078938424749856
2078904298132701
2078868081774174
2078830356504613
2078868417814412
2078906865548886
2078942855515101
2078976101198923
2079005753293632
2078971307009177
2079002783166074
2078972597944120
2078941413644330
2078906749431433
2078940503682371
2078972578021432
2078941994879273
2078974656875536
2079006409812409
2079034627689273
2079060709796216
2079031973997231
2079059924957094
2079083495862166
2079106294141388
2079129435849278
2079148572366053
2079128361889377
2079150234220741
2079168306305281
2079183631613120
2079168177152306
2079184133897662
2079198627963054
2079183516110368
2079166581570136
2079146565200802
2079162503857958
2079175735844828
2079197704234144
2079209227012447
2079195654976520
2079208444694660
2079195809128149
2079208199438992
2079218177386612
2079199274421713
2079187435103982
2079172590723793
2079190179589810
2079202396405966
2079212075304440
2079201839974288
2079212160785280
2079220466646004
2079212667839455
2079221569103565
2079228571066481
2079224311082903
2079213942629764
2079222369462460
2079235632942208
2079229463147745
2079221522822554
2079214320849588
2079223160370166
2079228728639726
2079236957098194
2079229114581052
2079220296356154
2079209679797086
2079195664509116
2079210430168238
2079224081403387
2079212743910656
2079201223563113
2079213479803585
2079194065496318
2079208558634062
2079219060673769
2079226969692821
2079218498812804
2079227173727598
2079234770507720
2079230052198131
2079219344220204
2079228583728782
2079217843911057
2079226631455128
2079216758981737
2079224673883893
2079215784737532
2079226350935379
2079232399792502
2079237209784100
2079240793736917
2079238107516812
2079232050605779
2079226251025335
2079216685781226
2079206545552581
2079196054778097
2079212026379153
2079223145369425
2079229208906986
2079220008464077
2079208925726455
2079218327397346
2079204723131611
2079216618582215
2079224474271799
2079232595663175
2079233267755546
2079240192348952
2079242718433863
2079241841922310
2079238802929282
2079238650418499
2079229682601051
2079236666603490
2079236735506166
2079233666101449
2079231171106149
2079232782847913
2079236478849963
2079231342052335
2079234311722173
2079230256493454
2079237288106220
2079244481532701
2079242912319752
2079236305171910
2079227682595354
2079234760190072
2079229175729348
2079220382169117
2079209595716437
2079222232498926
2079232536248871
2079223087737661
2079229737072935
2079238061718003
2079242795611694
2079236033931859
2079229266024401
2079237151654319
2079232803492675
2079224216047024
2079233195230398
2079241322823456
2079235618638123
2079239831963019
2079232793074345
2079239802033594
2079233693309559
2079240684195115
2079233684758074
2079223424602291
2079236903836236
2079230214254123
2079221432396871
2079230087837410
2079219357892702
2079229849605554
2079238619177064
2079247181934561
2079237453542062
2079227782537636
2079217465743392
2079212368949721
2079197236092229
2079211976730660
2079230921555673
2079241616559728
2079252262092248
2079244990039476
2079250446711418
2079242239424531
2079232258921018
2079245268068673
2079231387640098
2079240697687716
2079252745207060
2079260080569082
2079267619186342
2079270413211477
2079268191525570
2079271951096974
2079277378763001
2079282450001573
2079282879678867
2079284572842529
2079285591271878
2079284318506334
2079281271169742
2079270050432640
2079277944908846
2079269239821290
2079275164670659
2079274247835800
2079277225393844
2079275917821244
2079280469237623
2079275451084843
2079276925075722
2079278142195838
2079276282886419
2079269972823441
2079283724604960
2079278817172518
2079273118517860
2079280818460811
2079286911940949
2079282433979181
2079287123833104
2079288168445241
2079287155586350
2079285689882987
2079289499973917
2079290163551738
2079288715435374
2079275228474976
2079280766241943
2079272814671739
2079263023944936
2079260199340151
2079250891436045
2079258395065491
2079267355622308
2079263033557792
2079253538170830
2079242773878733
2079256660115259
2079242807069911
2079253754012863
2079260345541237
2079251727135367
2079240374301030
2079251731179151
2079262070871631
2079244374589082
2079253606801607
2079260854903596
2079254108767452
2079246412002992
2079253625147024
2079236945428303
2079222931221164
2079233040741579
2079240301210377
2079231146653031
2079240903158033
2079249722814550
2079254651919273
2079259197628210
2079253741847172
2079258500947025
2079259038061977
2079256440059064
2079259450211254
2079259281761146
2079260821459535
2079260315048392
2079259606924325
2079257838851256
2079259286387466
2079263087871972
2079263838003952
2079260964462122
2079262537678826
2079260774503705
2079255460596788
2079254299935281
2079251998687912
2079255201711581
2079258385732331
2079258970692529
2079256832833194
2079254055048731
2079256334816233
2079251500320523
2079246300496780
2079239402572825
2079229884624429
2079241887447797
2079232990184145
2079241775309202
2079250078580485
2079241748204195
2079249854090662
2079255601017341
2079262172028398
2079257964357588
2079246928792123
2079238336906064
2079245374937811
2079239815723695
2079230675838881
2079239683802802
2079247069702321
2079241240473545
2079231633467404
2079241973075748
2079233394671854
2079240263918178
2079229903227156
2079219983660178
2079228991437809
2079238919135070
2079247510252690
2079238894245090
2079245855715116
2079237545421062
2079244929131630
2079248116675182
2079253588823435
2079255078459609
2079255766318070
2079254805447341
2079255297907550
2079254116869714
2079250822322516
2079252798614864
2079251892824973
2079248803998747
2079245483354701
2079250073620332
2079256877073085
2079252448677491
2079254733897784
2079256529201722
2079255864486750
2079259332877333
2079260286764303
2079259758049818
2079256700610740
2079258582560897
2079257907674889
2079256706286045
2079254810033739
2079249894670204
2079245764336192
2079254965358497
2079258559974488
2079251427328046
2079246729864137
2079239094268859
2079245235586338
2079234305864792
2079240584329640
2079234089427952
2079241817119533
2079234766827421
2079226314039073
2079235183797075
2079225429289191
2079215624033192
2079231820006864
2079221405701647
2079231942012040
2079241369535492
2079231270113355
2079219859637188
2079202692829615
2079209688494401
2079197038548671
2079210776550687
2079195811226782
2079180724241127
2079194569156071
2079178298902554
2079162726364082
2079144602592169
2079125316035121
2079140588375493
2079118745677410
2079097838333082
2079073168139804
2079045996503839
2079015802385117
2078984289256472
2079013983589006
2079041553797146
2079017087173017
2079045906595144
2079015923696376
2079041705964211
2079061727976913
2079039434958632
2079010197914257
2078979714563164
2078951463739568
2078917562859676
2078947205098653
2078915131218782
2078880450079214
2078840662489377
2078799892527843
2078757537085324
2078797424018270
2078760655600548
2078718096999801
2078677769051822
2078722380602682
2078766905865430
2078723967966949
2078683762257781
2078729886497431
2078684988120941
2078640100989856
2078684519611735
2078642125441680
2078593124879653
2078540619135284
2078591590538947
2078639273834926
2078587241127156
2078535873108315
2078484565332616
2078432205051431
2078383097172220
2078439102551132
2078382277260536
2078325011189882
2078376929316505
2078429964316536
2078375421531128
2078432628879935
2078485690521948
2078432343542883
2078487992100756
2078539199295886
2078591349658908
2078543648862855
2078488877719648
2078540339139401
2078586059873330
2078533413055009
2078583394068740
2078633128920142
2078585178746552
2078636513379706
2078682901693868
2078726708401263
2078770684275932
2078812641842372
2078769190676534
2078725104679222
2078763299508747
2078806223645014
2078764372313662
2078805711358220
2078769370129187
2078725604933717
2078769237345155
2078726226846795
2078681966879926
2078730205663539
2078773373616261
2078729805344916
2078683152350677
2078641688275129
2078592936337338
2078545068534493
2078491922333804
2078438336552801
2078379949411580
2078436509678922
2078379072845050
2078324909370641
2078260476611446
2078323109466177
2078382704361832
2078326332514362
2078384145125887
2078436309182501
2078380414387414
2078434828614506
2078378411460612
2078432002326232
2078486326376850
2078537978254759
2078590486016145
2078635849638761
2078678354615420
2078632362454242
2078678644057937
2078636159617250
2078679605332508
2078631963304755
2078585292373815
2078630179916061
2078587752796206
2078534468599006
2078482157058475
2078427875590928
2078372919136825
2078312451958113
2078249627433624
2078191840167435
2078252351321981
2078197627987941
2078133752947639
2078197597267805
2078139442956337
2078078002223549
2078141159177912
2078202173617415
2078139786221068
2078205329393862
2078266036009144
2078326056598454
2078384179049477
2078327406187561
2078266304192518
2078325264970370
2078266254265457
2078210734617363
2078275320355459
2078219342431489
2078157912148775
2078092906838867
2078153778125722
2078091175997143
2078156442168319
2078224864222258
2078285402554860
2078229117752431
2078171321408796
2078231763137223
2078296671309548
2078241107641974
2078303759296797
2078356525477539
2078405523617218
2078466170907741
2078412211796172
2078351597155721
2078406554001086
2078350478719476
2078291179952892
2078229120135472
2078293215958503
2078350651727110
2078290389168199
2078237673683089
2078174343122273
2078106771203054
2078173804016529
2078237701477903
2078297151835854
2078234228276230
2078171322402931
2078112226554844
2078168657897562
2078103812769624
2078033306520940
2078102199699946
2078040617909757
2077969876223311
2077906034188918
2077979082735940
2078051741963701
2077981842934398
2077908466995687
2077979875735088
2078047992887059
2077986097346613
2077923787074926
2077853879883231
2077930637318864
2077868009347973
2077797114451926
2077724463374032
2077648554578416
2077731535345503
2077663319389563
2077587218793021
2077501897821744
2077583051154798
2077500585353373
2077581714568855
2077496874149170
2077423854137698
2077334286293362
2077245613330435
2077330990213385
2077416547700233
2077325944152842
2077236845725042
2077148902507320
2077063386417624
2077145555722499
2077226240817774
2077145468943735
2077047121841896
2077127726641501
2077213763962132
2077124368540026
2077027416097131
2076933923120069
2077024503672935
2076931154225593
2077025418977628
2076932884737697
2076835180948229
2076738248045519
2076824266627522
2076729847202569
2076829075328119
2076916653256426
2076829255036882
2076925153279885
2077017713123870
2076918628397999
2076816666045381
2076721078049394
2076630131923899
2076726549846130
2076631223625506
2076533808685943
2076441597357238
2076540351816311
2076641754257960
2076553241079937
2076453645232859
2076348174451481
2076450247392215
2076342092456375
2076450037980062
2076552645566707
2076462123110322
2076562343201772
2076662842642220
2076559780671627
2076659572940014
2076571099861731
2076482081706175
2076591489404330
2076485404189807
2076392390979302
2076495375571270
2076598414584637
2076494220863174
2076401988063941
2076492748602141
2076383007467401
2076279211543601
2076382300112339
2076484218817627
2076585032670789
2076491900292886
2076382975747092
2076270007710340
2076364658862012
2076465147745010
2076561829397692
2076662594771958
2076563579408309
2076458510333609
2076352362022020
2076445768647003
2076343574153361
2076449212192900
2076341916014011
2076447430280941
2076547552797937
2076636980004376
2076737301126883
2076837295257373
2076931904532820
2077015368910771
2077111732973340
2077030795133992
2076940318855033
2077038128915935
2076948499985997
2076851480974977
2076935327599300
2077028633084883
2077115020478261
2077202965134297
2077120006503002
2077032873466429
2076933429063334
2076834241964312
2076930441776656
2076836423665067
2076746328507487
2076649692317916
2076741911883306
2076843124610084
2076942138262763
2076845413756056
2076941322613757
2077033600467908
2076937722757821
2077032211170219
2076948218693097
2076847988178515
2076948485978188
2076854838252786
2076941058655393
2076845103912820
2076759404907199
2076858336142001
2076954070071321
2076862820569863
2076762256143124
2076849077718587
2076754640127499
2076851962460798
2076754260839451
2076654983413094
2076553643742540
2076455267362894
2076549715715993
2076649868757848
2076750270035921
2076846439447877
2076943926214814
2076860248095809
2076943742737649
2077037965871147
2076954547829734
2076858361137629
2076954258759788
2076863560527854
2076764709493160
2076863151710914
2076769911308725
2076867655462286
2076963163670020
2077059841260417
2077147681404767
2077062177029231
2077155446835576
2077075796515715
2077171708441014
2077265077853268
2077347432878732
2077256725953983
2077172168868428
2077077332563140
2076997297756628
2077095809932021
2077191784859159
2077281250863391
2077195031422305
2077286132789556
2077199677660861
2077104578553143
2077006818777040
2077086729755226
2077167360861018
2077088058248991
2077168856093021
2077260256778895
2077176744172862
2077083975036232
2077172066182575
2077263439440702
2077184514855127
2077260502854953
2077166361621916
2077070720746843
2077159115744059
2077066761072638
2076969611961371
2077066428207145
2077160819019091
2077252931236039
2077337844761855
2077424333918105
2077334423699209
2077250658493988
2077341155119910
2077422087576241
2077338158260435
2077258975292371
2077337784999569
2077248509449826
2077157070167859
2077250895371734
2077334851362588
2077420534236226
2077509455705852
2077592238555151
2077670337713776
2077753244166559
2077817894959771
2077743507606039
2077678406193325
2077761644303894
2077696518671518
2077771839915575
2077688744194094
2077763125809700
2077696528384530
2077629469439189
2077547563167623
2077634201127958
2077563875810477
2077646606839039
2077562608915192
2077484871343192
2077568038341886
2077482532553837
2077405454229838
2077331386207794
2077246414439333
2077321644571722
2077236600964625
2077330928999324
2077409562704281
2077318630226842
2077234776649283
2077156892590146
2077079188089513
2077166963104525
2077072573936814
2077166495215718
2077260425275407
2077338207948745
2077430469954408
2077358079191747
2077449904685564
2077366911406266
2077275961723688
2077184291434548
2077271379414841
2077177813803315
2077093436765994
2076997724200705
2076894820005231
2076793328543135
2076696659215580
2076784335132914
2076699422897799
2076785783643477
2076885602205053
2076785591908906
2076687600383053
2076786797584059
2076891654896977
2076788851839972
2076882827833559
2076785052684932
2076868845553125
2076768417962500
2076673712866540
2076759711408306
2076658086127108
2076558998802296
2076661211499130
2076563728560212
2076667946172325
2076575381831388
2076673025918231
2076769868472939
2076853367205077
2076937384446491
2076838465066805
2076733320554496
2076826787047219
2076729231950815
2076638943350303
2076725972714329
2076622369748383
2076532395307256
2076624340325950
2076721198333570
2076620803878205
2076709151309715
2076610599290991
2076506046803451
2076607981731119
2076501262943357
2076608117887711
2076697474973603
2076784918320855
2076878400789553
2076968053486147
2076873992009337
2076966694605722
2077063591243390
2076965677168662
2076872871795068
2076968358764488
2077059608123874
2077144872204001
2077238661048656
2077321369226194
2077230659842095
2077310708182525
2077222867521598
2077132950137139
2077050124896373
2077140878236920
2077227215085483
2077314516157169
2077228934195094
2077141489557813
2077058730503493
2076961830312075
2077055130610000
2076964076778154
2076871970936334
2076973293265509
2076876964175306
2076972964621835
2076890620442751
2076791945339950
2076893884278954
2076795386977091
2076894022488229
2076977200598374
2077067300448153
2077147160347730
2077052136431262
2077141776297693
2077061283414379
2077153860979672
2077067175490608
2077145379118880
2077233583164952
2077146118763980
2077236602284162
2077142537472855
2077050488496399
2076961942686324
2077042322709974
2077138375254729
2077044907139935
2077134114818587
2077224710463128
2077139853833459
2077232545290941
2077315159981451
2077406371062777
2077492646237291
2077412181709962
2077324521097296
2077411534022396
2077326054486170
2077415273156512
2077493818897354
2077564967311298
2077489546835257
2077404550659306
2077489299688496
2077558919519954
2077641498115386
2077557295831677
2077638749497867
2077711511024180
2077789894054321
2077866789670491
2077796245260692
2077723595395762
2077644752260012
2077561105485738
2077481343028172
2077555372885176
2077633260991599
2077550902092830
2077630249734390
2077546145582609
2077464776097483
2077545122692944
2077465302036671
2077549977033616
2077625810123997
2077700166356616
2077778762519855
2077851914057024
2077777229326014
2077696711052683
2077761731584964
2077831395442169
2077756383114068
2077681554751496
2077600155174337
2077523073056995
2077440487951657
2077524105622686
2077595442805141
2077664829352053
2077593228754933
2077674900191754
2077594278797585
2077673018078383
2077752222503643
2077817981766073
2077740445623571
2077807193772068
2077879073444448
2077807781274885
2077731271403861
2077649674192394
2077728000984907
2077653658510477
2077579101428233
2077658586296718
2077735789590154
2077655557589296
2077732611084681
2077654029018270
2077728195920845
2077801248848203
2077727785773818
2077802472828241
2077726895264214
2077794343668330
2077720597432180
2077797481688246
2077718511976214
2077640010637104
2077559771220856
2077483016795449
2077557324865189
2077475899311142
2077557086471576
2077634561933712
2077714360928702
2077792355224362
2077723139212595
2077645055457107
2077566524905848
2077493980797769
2077415583272415
2077490769094730
2077403833318547
2077482077301907
2077556593012843
2077629137478215
2077707921509824
2077638674034061
2077567233601805
2077646532563164
2077570440208005
2077495707345129
2077576808040957
2077494732178986
2077574359247401
2077492277950951
2077569563278203
2077488834542013
2077404062932261
2077491297800806
2077412677681555
2077334763990157
2077419911974106
2077494117426520
2077410152976299
2077492854464608
2077565224014955
2077484966887091
2077566967963518
2077488291055552
2077405396292077
2077484238492539
2077563325619744
2077638510352360
2077558703790345
2077477990824257
2077551735942459
2077625720304342
2077704682291489
2077631272978729
2077706261909897
2077625332847909
2077547740506513
2077466408789322
2077386453401035
2077463303815524
2077538310378304
2077457455374264
2077534676608270
2077455676133277
2077377019532415
2077457550370761
2077535573773670
2077617914032130
2077538913488414
2077459534271065
2077543675936807
2077615528618669
2077536614411593
2077456317624490
2077371777342504
2077452612203237
2077533910568895
2077606535552757
2077683338391427
2077759901568551
2077683519933914
2077760113139264
2077689733062389
2077767955579171
2077697173421761
2077618422849365
2077697732521009
2077770894143303
2077843882530011
2077777543292904
2077704558679815
2077772776078946
2077844265079186
2077768059453955
2077845017583293
2077776539249339
2077851229990922
2077780150827590
2077703127457034
2077622649100635
2077540651321095
2077464184854949
2077542203367825
2077461528126375
2077378131844877
2077292590221046
2077377915511975
2077463171463798
2077537472101634
2077458158002292
2077534503525220
2077453297179479
2077530497293619
2077608321057270
2077683536627758
2077753720704259
2077823171425916
2077894008040968
2077824205303062
2077896048194578
2077824887899221
2077749631956899
2077823840297118
2077752554241776
2077823318132601
2077896810301190
2077962497485797
2078026036075594
2078092290677465
2078025038955566
2078091103891039
2078025788576043
2077957416291872
2078024902396622
2078092020498208
2078025656763440
2078091537538868
2078157446246796
2078092580750515
2078151594104545
2078209500246160
2078270830636936
2078209576027322
2078267331803762
2078214417835799
2078152203389782
2078091871362327
2078025435466009
2077961788480146
2078030129090714
2078092122271371
2078156966682685
2078092821606396
2078158635077629
2078220112478417
2078157856336327
2078214681999740
2078270556753901
2078209346295431
2078270609524897
2078330800376368
2078386319248153
2078439911951615
2078383482608090
2078431139953342
2078377028756584
2078321185599539
2078377431867969
2078324202134898
2078269014380613
2078214476036619
2078274307900510
2078216747670388
2078157014464850
2078216569968484
2078279127362198
2078225756338455
2078282930974247
2078225847646387
2078283420961715
2078226977600690
2078170937421246
2078111603616683
2078052049849556
2078118319756461
2078057655257994
2077988651305019
2078050241631404
2078110001751584
2078045295103059
2078112358817272
2078173983375278
2078230767025999
2078288323766516
2078226477242174
2078165661532130
2078228502312047
2078169485993656
2078104271569308
2078039810010148
2077970985810312
2077906483838394
2077971177933420
2078036703338547
2078102054312305
2078159410408869
2078221817768014
2078280004479295
2078224104195322
2078162958306054
2078225049182054
2078281017411693
2078226955775048
2078287853175322
2078342405247452
2078282506374072
2078221305156961
2078164879108632
2078099849747444
2078032205049756
2077964417434383
2077897342804345
2077962596191829
2077893041903476
2077957822484185
2078024021109119
2077954711830364
2078023323164059
2077955071700569
2078025009827821
2078090281191497
2078023618750429
2077955470598145
2078022737753251
2078081267809408
2078016043794970
2077947572681872
2078013786991244
2077945517709710
2078015844208461
2078079548463926
2078144545222473
2078206047933458
2078266311066851
2078211000662778
2078268828375227
2078211743817622
2078273365781409
2078212279013982
2078150285627541
2078087308728909
2078149318570038
2078211834010944
2078268239730531
2078327571939701
2078269371128078
2078324954064812
2078269434359602
2078209610637641
2078269423375993
2078212249878732
2078149483376859
2078208615260423
2078267931029713
2078213948817895
2078151431659811
2078089409394545
2078019531325384
2078086127024657
2078149594991055
2078214266543124
2078273624534698
2078217700341345
2078153282741050
2078216296296559
2078276092126798
2078334408806655
2078390659918676
2078444597066003
2078390762405864
2078445295677545
2078497692309285
2078442855453921
2078493758942864
2078544111383112
2078493196279218
2078441347650551
2078388823747769
2078331660520742
2078274774863089
2078333848104858
2078392940118317
2078444596484564
2078389782833694
2078330951436816
2078270707089491
2078210075421276
2078271841864519
2078211659623815
2078271687446425
2078330991978374
2078384080055095
2078439382461699
2078493040081004
2078442027052968
2078387015907449
2078441187729122
2078492873390672
2078440182562443
2078391187763599
2078337353131848
2078283253793400
2078225795021360
2078281019345781
2078339464386638
2078288152707880
2078344378664935
2078397580220856
2078453550566649
2078506114346327
2078455518792235
2078504424035696
2078551759432576
2078499322374796
2078552197628556
2078500132765169
2078550453379502
2078600726011163
2078551022132314
2078600126623440
2078647070937109
2078599708416139
2078643004329348
2078688694402783
2078643157637760
2078601491779554
2078647907983902
2078693127929193
2078648672927835
2078601496080175
2078649001988991
2078691471228176
2078735589238209
2078779291893917
2078820030006104
2078858229217321
2078825216921464
2078860546829353
2078890492929271
2078855741020398
2078893839136997
2078857905145890
2078822030602846
2078787800700545
2078746622878579
2078706770451909
2078750598587556
2078705883889225
2078750142351736
2078792879869972
2078751022870744
2078707610717133
2078744749847604
2078701402210174
2078655733443155
2078608370801359
2078560689803499
2078609680677157
2078561978877846
2078612515244641
2078562300235552
2078603642098937
2078558221019272
2078508993493067
2078559769426165
2078509936103978
2078561170177354
2078613896253310
2078564003356477
2078512570897630
2078459865185757
2078404010196502
2078458065511619
2078507010523759
2078556924227388
2078604462010820
2078555384019734
2078507104535286
2078561817250033
2078610996494348
2078661316932469
2078705680289621
2078660762539072
2078617191923579
2078567818285636
2078515044393876
2078463389386668
2078410836104297
2078354317225002
2078412635892761
2078354595004018
2078296880292308
2078237735645138
2078175406820590
2078236936095861
2078175214736174
2078236958735476
2078295613812040
2078237236491420
2078176538222905
2078117577072186
2078054815933581
2077985365886624
2077915404840833
2077980034325594
2077909260381532
2077835984445193
2077764641862400
2077840714663045
2077769524141795
2077840065588827
2077767027139222
2077691669892101
2077763039326045
2077689428701945
2077617274988078
2077541194119542
2077466160843232
2077386153887635
2077462819172197
2077377024620862
2077295252244624
2077206393465404
2077296425209306
2077382344240761
2077297559907044
2077379148914636
2077464951041801
2077386107656927
2077307732510884
2077388194186862
2077468555563757
2077544761571265
2077618735035438
2077694565124170
2077622546039592
2077702633063076
2077781785365449
2077705230849551
2077782279403640
2077855521377079
2077782605655797
2077858030227778
2077783803300385
2077860640900033
2077785693551623
2077853230717705
2077923773836265
2077851848121291
2077920972238738
2077849601704161
2077923385340183
2077850223144035
2077773875435117
2077849569278919
2077917070517313
2077847239642293
2077917127121025
2077843232280634
2077771969757909
2077847878696508
2077917987394750
2077988742177177
2078054706986334
2077987351962611
2078058657391233
2078000456006973
2078061583401533
2077994784285468
2077932888033377
2077860919180740
2077787471129282
2077861828835747
2077788674551768
2077715996148647
2077641022817356
2077719591559945
2077796955196635
2077871665516295
2077943910880754
2078008236827121
2078072528690301
2078141222492031
2078202684951191
2078266954237580
2078323669496969
2078377193459870
2078431382004167
2078374293923854
2078430097942913
2078374917486049
2078428174716585
2078373645830061
2078430609696587
2078484880167376
2078431991708171
2078379502701889
2078321244681203
2078260656622867
2078322001621184
2078261725290570
2078320292120969
2078380850338430
2078434098026486
2078489189072656
2078437919187257
2078385014592074
2078439401253844
2078490673135183
2078435351089874
2078383505048730
2078431284248820
2078485040224010
2078537227421610
2078586471567198
2078535276468195
2078584125549362
2078631505300470
2078584684485574
2078626118828656
2078672593804107
2078626980146446
2078673753883162
2078630164436354
2078674116242773
2078718112294433
2078758783691391
2078717160978599
2078674318896722
2078718868124634
2078761762063430
2078718435640427
2078761359236828
2078799530920046
2078760775035201
2078801839792574
2078840274591922
2078874232477665
2078836349142777
2078870068401400
2078833457876356
2078868610762083
2078905284053203
2078869994374743
2078836099490852
2078797832728785
2078756865954361
2078796728082071
2078758347552430
2078799006555746
2078836424295114
2078873759440492
2078836643486198
2078874393867313
2078908895617510
2078874524234551
2078907912994547
2079290163551738